{"/Users/rafael/Documents/RocketSeat/ignite-2022/todoList/src/components/Count/index.tsx": {"path":"/Users/rafael/Documents/RocketSeat/ignite-2022/todoList/src/components/Count/index.tsx","statementMap":{"0":{"start":{"line":1,"column":0},"end":{"line":1,"column":42}},"1":{"start":{"line":11,"column":2},"end":{"line":22,"column":4}},"2":{"start":{"line":10,"column":0},"end":{"line":10,"column":16}}},"fnMap":{"0":{"name":"Count","decl":{"start":{"line":10,"column":16},"end":{"line":10,"column":21}},"loc":{"start":{"line":10,"column":70},"end":{"line":23,"column":1}}}},"branchMap":{"0":{"loc":{"start":{"line":14,"column":7},"end":{"line":19,"column":null}},"type":"cond-expr","locations":[{"start":{"line":15,"column":8},"end":{"line":16,"column":null}},{"start":{"line":19,"column":8},"end":{"line":19,"column":22}}]}},"s":{"0":3,"1":28,"2":3},"f":{"0":28},"b":{"0":[11,17]}}
,"/Users/rafael/Documents/RocketSeat/ignite-2022/todoList/src/components/EmptyTask/index.tsx": {"path":"/Users/rafael/Documents/RocketSeat/ignite-2022/todoList/src/components/EmptyTask/index.tsx","statementMap":{"0":{"start":{"line":1,"column":0},"end":{"line":1,"column":46}},"1":{"start":{"line":3,"column":0},"end":{"line":3,"column":53}},"2":{"start":{"line":6,"column":2},"end":{"line":12,"column":4}},"3":{"start":{"line":5,"column":0},"end":{"line":5,"column":16}}},"fnMap":{"0":{"name":"EmptyTask","decl":{"start":{"line":5,"column":16},"end":{"line":5,"column":25}},"loc":{"start":{"line":5,"column":25},"end":{"line":13,"column":1}}}},"branchMap":{},"s":{"0":2,"1":2,"2":4,"3":2},"f":{"0":4},"b":{}}
,"/Users/rafael/Documents/RocketSeat/ignite-2022/todoList/src/components/Header/index.tsx": {"path":"/Users/rafael/Documents/RocketSeat/ignite-2022/todoList/src/components/Header/index.tsx","statementMap":{"0":{"start":{"line":1,"column":0},"end":{"line":1,"column":43}},"1":{"start":{"line":3,"column":0},"end":{"line":3,"column":51}},"2":{"start":{"line":6,"column":2},"end":{"line":10,"column":4}},"3":{"start":{"line":5,"column":0},"end":{"line":5,"column":16}}},"fnMap":{"0":{"name":"Header","decl":{"start":{"line":5,"column":16},"end":{"line":5,"column":22}},"loc":{"start":{"line":5,"column":22},"end":{"line":11,"column":1}}}},"branchMap":{},"s":{"0":2,"1":2,"2":13,"3":2},"f":{"0":13},"b":{}}
,"/Users/rafael/Documents/RocketSeat/ignite-2022/todoList/src/components/Input/index.tsx": {"path":"/Users/rafael/Documents/RocketSeat/ignite-2022/todoList/src/components/Input/index.tsx","statementMap":{"0":{"start":{"line":2,"column":0},"end":{"line":2,"column":42}},"1":{"start":{"line":9,"column":2},"end":{"line":9,"column":50}},"2":{"start":{"line":8,"column":0},"end":{"line":8,"column":16}}},"fnMap":{"0":{"name":"Input","decl":{"start":{"line":8,"column":16},"end":{"line":8,"column":21}},"loc":{"start":{"line":8,"column":51},"end":{"line":10,"column":1}}}},"branchMap":{},"s":{"0":2,"1":13,"2":2},"f":{"0":13},"b":{}}
,"/Users/rafael/Documents/RocketSeat/ignite-2022/todoList/src/components/Task/index.tsx": {"path":"/Users/rafael/Documents/RocketSeat/ignite-2022/todoList/src/components/Task/index.tsx","statementMap":{"0":{"start":{"line":1,"column":0},"end":{"line":1,"column":41}},"1":{"start":{"line":2,"column":0},"end":{"line":2,"column":48}},"2":{"start":{"line":3,"column":0},"end":{"line":3,"column":null}},"3":{"start":{"line":26,"column":2},"end":{"line":49,"column":4}},"4":{"start":{"line":30,"column":23},"end":{"line":30,"column":43}},"5":{"start":{"line":43,"column":23},"end":{"line":43,"column":43}},"6":{"start":{"line":19,"column":0},"end":{"line":19,"column":16}}},"fnMap":{"0":{"name":"Task","decl":{"start":{"line":19,"column":16},"end":{"line":19,"column":20}},"loc":{"start":{"line":25,"column":12},"end":{"line":50,"column":1}}},"1":{"name":"(anonymous_1)","decl":{"start":{"line":30,"column":17},"end":{"line":30,"column":20}},"loc":{"start":{"line":30,"column":23},"end":{"line":30,"column":43}}},"2":{"name":"(anonymous_2)","decl":{"start":{"line":43,"column":17},"end":{"line":43,"column":20}},"loc":{"start":{"line":43,"column":23},"end":{"line":43,"column":43}}}},"branchMap":{"0":{"loc":{"start":{"line":33,"column":9},"end":{"line":38,"column":null}},"type":"cond-expr","locations":[{"start":{"line":34,"column":10},"end":{"line":35,"column":null}},{"start":{"line":38,"column":10},"end":{"line":38,"column":41}}]}},"s":{"0":2,"1":2,"2":2,"3":20,"4":2,"5":2,"6":2},"f":{"0":20,"1":2,"2":2},"b":{"0":[6,14]}}
,"/Users/rafael/Documents/RocketSeat/ignite-2022/todoList/src/components/TaskCount/index.tsx": {"path":"/Users/rafael/Documents/RocketSeat/ignite-2022/todoList/src/components/TaskCount/index.tsx","statementMap":{"0":{"start":{"line":1,"column":0},"end":{"line":1,"column":33}},"1":{"start":{"line":2,"column":0},"end":{"line":2,"column":46}},"2":{"start":{"line":10,"column":2},"end":{"line":20,"column":4}},"3":{"start":{"line":9,"column":0},"end":{"line":9,"column":16}}},"fnMap":{"0":{"name":"TaskCount","decl":{"start":{"line":9,"column":16},"end":{"line":9,"column":25}},"loc":{"start":{"line":9,"column":74},"end":{"line":21,"column":1}}}},"branchMap":{},"s":{"0":2,"1":2,"2":13,"3":2},"f":{"0":13},"b":{}}
,"/Users/rafael/Documents/RocketSeat/ignite-2022/todoList/src/pages/Home/index.tsx": {"path":"/Users/rafael/Documents/RocketSeat/ignite-2022/todoList/src/pages/Home/index.tsx","statementMap":{"0":{"start":{"line":1,"column":0},"end":{"line":1,"column":53}},"1":{"start":{"line":2,"column":0},"end":{"line":2,"column":54}},"2":{"start":{"line":3,"column":0},"end":{"line":3,"column":55}},"3":{"start":{"line":4,"column":0},"end":{"line":4,"column":49}},"4":{"start":{"line":5,"column":0},"end":{"line":5,"column":47}},"5":{"start":{"line":6,"column":0},"end":{"line":6,"column":55}},"6":{"start":{"line":7,"column":0},"end":{"line":7,"column":52}},"7":{"start":{"line":8,"column":0},"end":{"line":8,"column":58}},"8":{"start":{"line":9,"column":0},"end":{"line":9,"column":45}},"9":{"start":{"line":18,"column":28},"end":{"line":24,"column":4}},"10":{"start":{"line":19,"column":23},"end":{"line":19,"column":50}},"11":{"start":{"line":20,"column":4},"end":{"line":22,"column":null}},"12":{"start":{"line":21,"column":6},"end":{"line":21,"column":24}},"13":{"start":{"line":23,"column":4},"end":{"line":23,"column":14}},"14":{"start":{"line":25,"column":26},"end":{"line":25,"column":46}},"15":{"start":{"line":28,"column":4},"end":{"line":28,"column":27}},"16":{"start":{"line":29,"column":20},"end":{"line":29,"column":73}},"17":{"start":{"line":30,"column":4},"end":{"line":34,"column":null}},"18":{"start":{"line":31,"column":6},"end":{"line":31,"column":47}},"19":{"start":{"line":31,"column":26},"end":{"line":31,"column":45}},"20":{"start":{"line":32,"column":6},"end":{"line":32,"column":18}},"21":{"start":{"line":33,"column":6},"end":{"line":33,"column":55}},"22":{"start":{"line":37,"column":25},"end":{"line":39,"column":13}},"23":{"start":{"line":38,"column":4},"end":{"line":38,"column":52}},"24":{"start":{"line":38,"column":34},"end":{"line":38,"column":43}},"25":{"start":{"line":42,"column":24},"end":{"line":48,"column":null}},"26":{"start":{"line":43,"column":6},"end":{"line":48,"column":14}},"27":{"start":{"line":51,"column":4},"end":{"line":51,"column":26}},"28":{"start":{"line":52,"column":4},"end":{"line":52,"column":45}},"29":{"start":{"line":56,"column":24},"end":{"line":56,"column":62}},"30":{"start":{"line":56,"column":47},"end":{"line":56,"column":61}},"31":{"start":{"line":57,"column":4},"end":{"line":57,"column":26}},"32":{"start":{"line":58,"column":4},"end":{"line":58,"column":45}},"33":{"start":{"line":61,"column":2},"end":{"line":99,"column":4}},"34":{"start":{"line":70,"column":29},"end":{"line":70,"column":52}},"35":{"start":{"line":84,"column":14},"end":{"line":85,"column":null}},"36":{"start":{"line":17,"column":0},"end":{"line":17,"column":16}}},"fnMap":{"0":{"name":"Home","decl":{"start":{"line":17,"column":16},"end":{"line":17,"column":20}},"loc":{"start":{"line":17,"column":20},"end":{"line":100,"column":1}}},"1":{"name":"(anonymous_1)","decl":{"start":{"line":18,"column":46},"end":{"line":18,"column":49}},"loc":{"start":{"line":18,"column":51},"end":{"line":24,"column":3}}},"2":{"name":"handleAddNewTask","decl":{"start":{"line":27,"column":11},"end":{"line":27,"column":27}},"loc":{"start":{"line":27,"column":44},"end":{"line":35,"column":3}}},"3":{"name":"(anonymous_3)","decl":{"start":{"line":31,"column":15},"end":{"line":31,"column":16}},"loc":{"start":{"line":31,"column":26},"end":{"line":31,"column":45}}},"4":{"name":"(anonymous_4)","decl":{"start":{"line":37,"column":33},"end":{"line":37,"column":36}},"loc":{"start":{"line":37,"column":38},"end":{"line":39,"column":3}}},"5":{"name":"(anonymous_5)","decl":{"start":{"line":38,"column":24},"end":{"line":38,"column":25}},"loc":{"start":{"line":38,"column":34},"end":{"line":38,"column":43}}},"6":{"name":"handleChangeTask","decl":{"start":{"line":41,"column":11},"end":{"line":41,"column":27}},"loc":{"start":{"line":41,"column":38},"end":{"line":53,"column":3}}},"7":{"name":"(anonymous_7)","decl":{"start":{"line":42,"column":34},"end":{"line":42,"column":35}},"loc":{"start":{"line":43,"column":6},"end":{"line":48,"column":14}}},"8":{"name":"handleRemoveTask","decl":{"start":{"line":55,"column":11},"end":{"line":55,"column":27}},"loc":{"start":{"line":55,"column":38},"end":{"line":59,"column":3}}},"9":{"name":"(anonymous_9)","decl":{"start":{"line":56,"column":37},"end":{"line":56,"column":38}},"loc":{"start":{"line":56,"column":47},"end":{"line":56,"column":61}}},"10":{"name":"(anonymous_10)","decl":{"start":{"line":70,"column":22},"end":{"line":70,"column":23}},"loc":{"start":{"line":70,"column":29},"end":{"line":70,"column":52}}},"11":{"name":"(anonymous_11)","decl":{"start":{"line":83,"column":23},"end":{"line":83,"column":24}},"loc":{"start":{"line":84,"column":14},"end":{"line":85,"column":null}}}},"branchMap":{"0":{"loc":{"start":{"line":20,"column":4},"end":{"line":22,"column":null}},"type":"if","locations":[{"start":{"line":20,"column":4},"end":{"line":22,"column":null}}]},"1":{"loc":{"start":{"line":30,"column":4},"end":{"line":34,"column":null}},"type":"if","locations":[{"start":{"line":30,"column":4},"end":{"line":34,"column":null}}]},"2":{"loc":{"start":{"line":43,"column":6},"end":{"line":48,"column":14}},"type":"cond-expr","locations":[{"start":{"line":44,"column":10},"end":{"line":47,"column":null}},{"start":{"line":48,"column":10},"end":{"line":48,"column":14}}]},"3":{"loc":{"start":{"line":81,"column":9},"end":{"line":95,"column":null}},"type":"cond-expr","locations":[{"start":{"line":82,"column":10},"end":{"line":92,"column":null}},{"start":{"line":95,"column":10},"end":{"line":95,"column":23}}]}},"s":{"0":1,"1":1,"2":1,"3":1,"4":1,"5":1,"6":1,"7":1,"8":1,"9":12,"10":4,"11":4,"12":2,"13":2,"14":12,"15":3,"16":3,"17":3,"18":3,"19":3,"20":3,"21":3,"22":12,"23":9,"24":13,"25":1,"26":2,"27":1,"28":1,"29":1,"30":3,"31":1,"32":1,"33":12,"34":3,"35":16,"36":1},"f":{"0":12,"1":4,"2":3,"3":3,"4":9,"5":13,"6":1,"7":2,"8":1,"9":3,"10":3,"11":16},"b":{"0":[2],"1":[3],"2":[1,1],"3":[9,3]}}
}
