TN:
SF:src/components/Count/index.tsx
FN:10,Count
FNF:1
FNH:1
FNDA:28,Count
DA:1,3
DA:10,3
DA:11,28
LF:3
LH:3
BRDA:14,0,0,11
BRDA:14,0,1,17
BRF:2
BRH:2
end_of_record
TN:
SF:src/components/EmptyTask/index.tsx
FN:5,EmptyTask
FNF:1
FNH:1
FNDA:4,EmptyTask
DA:1,2
DA:3,2
DA:5,2
DA:6,4
LF:4
LH:4
BRF:0
BRH:0
end_of_record
TN:
SF:src/components/Header/index.tsx
FN:5,Header
FNF:1
FNH:1
FNDA:13,Header
DA:1,2
DA:3,2
DA:5,2
DA:6,13
LF:4
LH:4
BRF:0
BRH:0
end_of_record
TN:
SF:src/components/Input/index.tsx
FN:8,Input
FNF:1
FNH:1
FNDA:13,Input
DA:2,2
DA:8,2
DA:9,13
LF:3
LH:3
BRF:0
BRH:0
end_of_record
TN:
SF:src/components/Task/index.tsx
FN:19,Task
FN:30,(anonymous_1)
FN:43,(anonymous_2)
FNF:3
FNH:3
FNDA:20,Task
FNDA:2,(anonymous_1)
FNDA:2,(anonymous_2)
DA:1,2
DA:2,2
DA:3,2
DA:19,2
DA:26,20
DA:30,2
DA:43,2
LF:7
LH:7
BRDA:33,0,0,6
BRDA:33,0,1,14
BRF:2
BRH:2
end_of_record
TN:
SF:src/components/TaskCount/index.tsx
FN:9,TaskCount
FNF:1
FNH:1
FNDA:13,TaskCount
DA:1,2
DA:2,2
DA:9,2
DA:10,13
LF:4
LH:4
BRF:0
BRH:0
end_of_record
TN:
SF:src/pages/Home/index.tsx
FN:17,Home
FN:18,(anonymous_1)
FN:27,handleAddNewTask
FN:31,(anonymous_3)
FN:37,(anonymous_4)
FN:38,(anonymous_5)
FN:41,handleChangeTask
FN:42,(anonymous_7)
FN:55,handleRemoveTask
FN:56,(anonymous_9)
FN:70,(anonymous_10)
FN:83,(anonymous_11)
FNF:12
FNH:12
FNDA:12,Home
FNDA:4,(anonymous_1)
FNDA:3,handleAddNewTask
FNDA:3,(anonymous_3)
FNDA:9,(anonymous_4)
FNDA:13,(anonymous_5)
FNDA:1,handleChangeTask
FNDA:2,(anonymous_7)
FNDA:1,handleRemoveTask
FNDA:3,(anonymous_9)
FNDA:3,(anonymous_10)
FNDA:16,(anonymous_11)
DA:1,1
DA:2,1
DA:3,1
DA:4,1
DA:5,1
DA:6,1
DA:7,1
DA:8,1
DA:9,1
DA:17,1
DA:18,12
DA:19,4
DA:20,4
DA:21,2
DA:23,2
DA:25,12
DA:28,3
DA:29,3
DA:30,3
DA:31,3
DA:32,3
DA:33,3
DA:37,12
DA:38,13
DA:42,1
DA:43,2
DA:51,1
DA:52,1
DA:56,3
DA:57,1
DA:58,1
DA:61,12
DA:70,3
DA:84,16
LF:34
LH:34
BRDA:20,0,0,2
BRDA:30,1,0,3
BRDA:43,2,0,1
BRDA:43,2,1,1
BRDA:81,3,0,9
BRDA:81,3,1,3
BRF:6
BRH:6
end_of_record
